<?xml version="1.0" encoding="UTF-8"?>
<testsuite name="com.tavisca.chatapplication.HttpRequestParserTest" tests="1" skipped="0" failures="0" errors="0" timestamp="2019-08-19T04:43:51" hostname="RENTLAPT0018" time="0.003">
  <properties/>
  <testcase name="canParseHttpRequest()" classname="com.tavisca.chatapplication.HttpRequestParserTest" time="0.003"/>
  <system-out><![CDATA[]]></system-out>
  <system-err><![CDATA[]]></system-err>
</testsuite>
