<?xml version="1.0" encoding="UTF-8"?>
<testsuite name="com.tavisca.chatapplication.FileHandlerTest" tests="3" skipped="0" failures="0" errors="0" timestamp="2019-08-19T04:43:51" hostname="RENTLAPT0018" time="0.019">
  <properties/>
  <testcase name="canGiveTheTypeOfFile()" classname="com.tavisca.chatapplication.FileHandlerTest" time="0.013"/>
  <testcase name="canGiveTheContentOfFile()" classname="com.tavisca.chatapplication.FileHandlerTest" time="0.003"/>
  <testcase name="canTellIfFileExistsOrNot()" classname="com.tavisca.chatapplication.FileHandlerTest" time="0.002"/>
  <system-out><![CDATA[]]></system-out>
  <system-err><![CDATA[]]></system-err>
</testsuite>
