<?xml version="1.0" encoding="UTF-8"?>
<testsuite name="com.tavisca.chatapplication.FileHandlerTest" tests="3" skipped="0" failures="0" errors="0" timestamp="2019-08-15T10:15:25" hostname="RENTLAPT0018" time="0.023">
  <properties/>
  <testcase name="canGiveTheTypeOfFile()" classname="com.tavisca.chatapplication.FileHandlerTest" time="0.016"/>
  <testcase name="canGiveTheContentOfFile()" classname="com.tavisca.chatapplication.FileHandlerTest" time="0.003"/>
  <testcase name="canTellIfFileExistsOrNot()" classname="com.tavisca.chatapplication.FileHandlerTest" time="0.001"/>
  <system-out><![CDATA[]]></system-out>
  <system-err><![CDATA[]]></system-err>
</testsuite>
