<?xml version="1.0" encoding="UTF-8"?>
<testsuite name="com.tavisca.chatapplication.ParseHeaderTest" tests="1" skipped="0" failures="0" errors="0" timestamp="2019-08-07T16:18:25" hostname="RENTLAPT0018" time="0.027">
  <properties/>
  <testcase name="canParse()" classname="com.tavisca.chatapplication.ParseHeaderTest" time="0.027"/>
  <system-out><![CDATA[]]></system-out>
  <system-err><![CDATA[]]></system-err>
</testsuite>
